<?xml version="1.0" encoding="UTF-8"?>
<!-- Generated by org.testng.reporters.JUnitXMLReporter -->
<testsuite ignored="0" hostname="DESKTOP-8L31ADC" failures="0" tests="2" name="Test" time="16.749" errors="0" timestamp="2025-01-31T01:11:28 EST">
  <testcase classname="com.addtocart.yousuf_selenium.AddToCartTests" name="testAddProductToCart" time="2.999"/>
  <testcase classname="com.addtocart.yousuf_selenium.AddToCartTests" name="testAddProductWithoutSelectingOptions" time="1.203"/>
</testsuite> <!-- Test -->
