<?xml version="1.0" encoding="UTF-8"?>
<testng-results ignored="0" total="2" passed="2" failed="0" skipped="0">
  <reporter-output>
  </reporter-output>
  <suite started-at="2025-01-31T01:11:11 EST" name="Suite" finished-at="2025-01-31T01:11:28 EST" duration-ms="16749">
    <groups>
    </groups>
    <test started-at="2025-01-31T01:11:11 EST" name="Test" finished-at="2025-01-31T01:11:28 EST" duration-ms="16749">
      <class name="com.addtocart.yousuf_selenium.AddToCartTests">
        <test-method is-config="true" signature="setUp()[pri:0, instance:com.addtocart.yousuf_selenium.AddToCartTests@7a419da4]" started-at="2025-01-31T01:11:11 EST" name="setUp" finished-at="2025-01-31T01:11:15 EST" duration-ms="3593" status="PASS">
          <reporter-output>
          </reporter-output>
        </test-method> <!-- setUp -->
        <test-method signature="testAddProductToCart()[pri:1, instance:com.addtocart.yousuf_selenium.AddToCartTests@7a419da4]" started-at="2025-01-31T01:11:15 EST" name="testAddProductToCart" description="TC1: Add a simple product to the cart" finished-at="2025-01-31T01:11:18 EST" duration-ms="2999" status="PASS">
          <reporter-output>
          </reporter-output>
        </test-method> <!-- testAddProductToCart -->
        <test-method is-config="true" signature="tearDown()[pri:0, instance:com.addtocart.yousuf_selenium.AddToCartTests@7a419da4]" started-at="2025-01-31T01:11:18 EST" name="tearDown" finished-at="2025-01-31T01:11:18 EST" duration-ms="235" status="PASS">
          <reporter-output>
          </reporter-output>
        </test-method> <!-- tearDown -->
        <test-method is-config="true" signature="setUp()[pri:0, instance:com.addtocart.yousuf_selenium.AddToCartTests@7a419da4]" started-at="2025-01-31T01:11:18 EST" name="setUp" finished-at="2025-01-31T01:11:26 EST" duration-ms="8380" status="PASS">
          <reporter-output>
          </reporter-output>
        </test-method> <!-- setUp -->
        <test-method signature="testAddProductWithoutSelectingOptions()[pri:2, instance:com.addtocart.yousuf_selenium.AddToCartTests@7a419da4]" started-at="2025-01-31T01:11:26 EST" name="testAddProductWithoutSelectingOptions" description="TC5: Try to add a product without selecting size or color" finished-at="2025-01-31T01:11:27 EST" duration-ms="1203" status="PASS">
          <reporter-output>
          </reporter-output>
        </test-method> <!-- testAddProductWithoutSelectingOptions -->
        <test-method is-config="true" signature="tearDown()[pri:0, instance:com.addtocart.yousuf_selenium.AddToCartTests@7a419da4]" started-at="2025-01-31T01:11:27 EST" name="tearDown" finished-at="2025-01-31T01:11:28 EST" duration-ms="299" status="PASS">
          <reporter-output>
          </reporter-output>
        </test-method> <!-- tearDown -->
      </class> <!-- com.addtocart.yousuf_selenium.AddToCartTests -->
    </test> <!-- Test -->
  </suite> <!-- Suite -->
</testng-results>
